14:45:40,376 DEBUG [AppianEclipsePlugin] Appian Developer Edition configured.
14:45:40,413 ERROR [ImportDatatypesWizardPage] org.eclipse.core.internal.resources.ResourceException: Resource '/googleMapCache/lib-compile' does not exist.
org.eclipse.core.internal.resources.ResourceException: Resource '/googleMapCache/lib-compile' does not exist.
	at org.eclipse.core.internal.resources.Resource.checkExists(Resource.java:335)
	at org.eclipse.core.internal.resources.Resource.checkAccessible(Resource.java:209)
	at org.eclipse.core.internal.resources.File.create(File.java:110)
	at com.appiancorp.eclipse.plugins.wizards.ImportDatatypesWizardPage.<init>(ImportDatatypesWizardPage.java:84)
	at com.appiancorp.eclipse.plugins.wizards.ImportDatatypesWizard.addPages(ImportDatatypesWizard.java:53)
	at org.eclipse.jface.wizard.WizardDialog.createContents(WizardDialog.java:585)
	at org.eclipse.jface.window.Window.create(Window.java:426)
	at org.eclipse.jface.dialogs.Dialog.create(Dialog.java:1095)
	at com.appiancorp.eclipse.plugins.actions.WizardAction.run(WizardAction.java:49)
	at org.eclipse.ui.internal.PluginAction.runWithEvent(PluginAction.java:247)
	at org.eclipse.jface.action.ActionContributionItem.handleWidgetSelection(ActionContributionItem.java:565)
	at org.eclipse.jface.action.ActionContributionItem.lambda$4(ActionContributionItem.java:397)
	at org.eclipse.swt.widgets.EventTable.sendEvent(EventTable.java:84)
	at org.eclipse.swt.widgets.Display.sendEvent(Display.java:4418)
	at org.eclipse.swt.widgets.Widget.sendEvent(Widget.java:1079)
	at org.eclipse.swt.widgets.Display.runDeferredEvents(Display.java:4236)
	at org.eclipse.swt.widgets.Display.readAndDispatch(Display.java:3824)
	at org.eclipse.e4.ui.internal.workbench.swt.PartRenderingEngine$4.run(PartRenderingEngine.java:1121)
	at org.eclipse.core.databinding.observable.Realm.runWithDefault(Realm.java:336)
	at org.eclipse.e4.ui.internal.workbench.swt.PartRenderingEngine.run(PartRenderingEngine.java:1022)
	at org.eclipse.e4.ui.internal.workbench.E4Workbench.createAndRunUI(E4Workbench.java:150)
	at org.eclipse.ui.internal.Workbench$5.run(Workbench.java:693)
	at org.eclipse.core.databinding.observable.Realm.runWithDefault(Realm.java:336)
	at org.eclipse.ui.internal.Workbench.createAndRunWorkbench(Workbench.java:610)
	at org.eclipse.ui.PlatformUI.createAndRunWorkbench(PlatformUI.java:148)
	at org.eclipse.ui.internal.ide.application.IDEApplication.start(IDEApplication.java:138)
	at org.eclipse.equinox.internal.app.EclipseAppHandle.run(EclipseAppHandle.java:196)
	at org.eclipse.core.runtime.internal.adaptor.EclipseAppLauncher.runApplication(EclipseAppLauncher.java:134)
	at org.eclipse.core.runtime.internal.adaptor.EclipseAppLauncher.start(EclipseAppLauncher.java:104)
	at org.eclipse.core.runtime.adaptor.EclipseStarter.run(EclipseStarter.java:388)
	at org.eclipse.core.runtime.adaptor.EclipseStarter.run(EclipseStarter.java:243)
	at sun.reflect.NativeMethodAccessorImpl.invoke0(Native Method)
	at sun.reflect.NativeMethodAccessorImpl.invoke(Unknown Source)
	at sun.reflect.DelegatingMethodAccessorImpl.invoke(Unknown Source)
	at java.lang.reflect.Method.invoke(Unknown Source)
	at org.eclipse.equinox.launcher.Main.invokeFramework(Main.java:673)
	at org.eclipse.equinox.launcher.Main.basicRun(Main.java:610)
	at org.eclipse.equinox.launcher.Main.run(Main.java:1519)
14:45:45,490 ERROR [ImportDatatypesWizard] bundleresource://979.fwk162674722/templates/build_xjc.xml:5: C:\googleMap\googleMapCache\lib-compile does not exist.
bundleresource://979.fwk162674722/templates/build_xjc.xml:5: C:\googleMap\googleMapCache\lib-compile does not exist.
	at org.apache.tools.ant.types.AbstractFileSet.getDirectoryScanner(AbstractFileSet.java:484)
	at org.apache.tools.ant.types.FileSet.iterator(FileSet.java:69)
	at org.apache.tools.ant.types.resources.Union.getAllResources(Union.java:148)
	at org.apache.tools.ant.types.resources.Union.getCollection(Union.java:108)
	at org.apache.tools.ant.types.resources.BaseResourceCollectionContainer.cacheCollection(BaseResourceCollectionContainer.java:263)
	at org.apache.tools.ant.types.resources.BaseResourceCollectionContainer.iterator(BaseResourceCollectionContainer.java:142)
	at org.apache.tools.ant.types.Path.iterator(Path.java:707)
	at org.apache.tools.ant.types.resources.Union.getAllResources(Union.java:148)
	at org.apache.tools.ant.types.resources.Union.getAllToStrings(Union.java:128)
	at org.apache.tools.ant.types.resources.Union.list(Union.java:87)
	at org.apache.tools.ant.types.Path.list(Path.java:376)
	at org.apache.tools.ant.types.Path.addExisting(Path.java:329)
	at org.apache.tools.ant.types.Path.addExisting(Path.java:317)
	at org.apache.tools.ant.types.Path.concatSpecialPath(Path.java:568)
	at org.apache.tools.ant.types.Path.concatSystemClasspath(Path.java:528)
	at org.apache.tools.ant.AntClassLoader.setClassPath(AntClassLoader.java:358)
	at org.apache.tools.ant.AntClassLoader.<init>(AntClassLoader.java:272)
	at org.apache.tools.ant.AntClassLoader.<init>(AntClassLoader.java:293)
	at org.apache.tools.ant.loader.AntClassLoader5.<init>(AntClassLoader5.java:53)
	at sun.reflect.NativeConstructorAccessorImpl.newInstance0(Native Method)
	at sun.reflect.NativeConstructorAccessorImpl.newInstance(Unknown Source)
	at sun.reflect.DelegatingConstructorAccessorImpl.newInstance(Unknown Source)
	at java.lang.reflect.Constructor.newInstance(Unknown Source)
	at org.apache.tools.ant.util.ReflectUtil.newInstance(ReflectUtil.java:50)
	at org.apache.tools.ant.AntClassLoader.newAntClassLoader(AntClassLoader.java:1577)
	at org.apache.tools.ant.Project.createClassLoader(Project.java:344)
	at org.apache.tools.ant.util.ClasspathUtils.getUniqueClassLoaderForPath(ClasspathUtils.java:206)
	at org.apache.tools.ant.util.ClasspathUtils.getClassLoaderForPath(ClasspathUtils.java:183)
	at org.apache.tools.ant.util.ClasspathUtils$Delegate.getClassLoader(ClasspathUtils.java:411)
	at org.apache.tools.ant.taskdefs.DefBase.createLoader(DefBase.java:142)
	at org.apache.tools.ant.taskdefs.Definer.execute(Definer.java:206)
	at org.apache.tools.ant.UnknownElement.execute(UnknownElement.java:293)
	at sun.reflect.NativeMethodAccessorImpl.invoke0(Native Method)
	at sun.reflect.NativeMethodAccessorImpl.invoke(Unknown Source)
	at sun.reflect.DelegatingMethodAccessorImpl.invoke(Unknown Source)
	at java.lang.reflect.Method.invoke(Unknown Source)
	at org.apache.tools.ant.dispatch.DispatchUtils.execute(DispatchUtils.java:106)
	at org.apache.tools.ant.Task.perform(Task.java:348)
	at org.apache.tools.ant.Target.execute(Target.java:435)
	at org.apache.tools.ant.helper.ProjectHelper2.parse(ProjectHelper2.java:180)
	at com.appiancorp.eclipse.plugins.wizards.ImportDatatypesWizard.performFinish(ImportDatatypesWizard.java:103)
	at org.eclipse.jface.wizard.WizardDialog.finishPressed(WizardDialog.java:790)
	at org.eclipse.jface.wizard.WizardDialog.buttonPressed(WizardDialog.java:423)
	at org.eclipse.jface.dialogs.Dialog$2.widgetSelected(Dialog.java:618)
	at org.eclipse.swt.widgets.TypedListener.handleEvent(TypedListener.java:249)
	at org.eclipse.swt.widgets.EventTable.sendEvent(EventTable.java:84)
	at org.eclipse.swt.widgets.Display.sendEvent(Display.java:4418)
	at org.eclipse.swt.widgets.Widget.sendEvent(Widget.java:1079)
	at org.eclipse.swt.widgets.Display.runDeferredEvents(Display.java:4236)
	at org.eclipse.swt.widgets.Display.readAndDispatch(Display.java:3824)
	at org.eclipse.jface.window.Window.runEventLoop(Window.java:818)
	at org.eclipse.jface.window.Window.open(Window.java:794)
	at com.appiancorp.eclipse.plugins.actions.WizardAction.run(WizardAction.java:50)
	at org.eclipse.ui.internal.PluginAction.runWithEvent(PluginAction.java:247)
	at org.eclipse.jface.action.ActionContributionItem.handleWidgetSelection(ActionContributionItem.java:565)
	at org.eclipse.jface.action.ActionContributionItem.lambda$4(ActionContributionItem.java:397)
	at org.eclipse.swt.widgets.EventTable.sendEvent(EventTable.java:84)
	at org.eclipse.swt.widgets.Display.sendEvent(Display.java:4418)
	at org.eclipse.swt.widgets.Widget.sendEvent(Widget.java:1079)
	at org.eclipse.swt.widgets.Display.runDeferredEvents(Display.java:4236)
	at org.eclipse.swt.widgets.Display.readAndDispatch(Display.java:3824)
	at org.eclipse.e4.ui.internal.workbench.swt.PartRenderingEngine$4.run(PartRenderingEngine.java:1121)
	at org.eclipse.core.databinding.observable.Realm.runWithDefault(Realm.java:336)
	at org.eclipse.e4.ui.internal.workbench.swt.PartRenderingEngine.run(PartRenderingEngine.java:1022)
	at org.eclipse.e4.ui.internal.workbench.E4Workbench.createAndRunUI(E4Workbench.java:150)
	at org.eclipse.ui.internal.Workbench$5.run(Workbench.java:693)
	at org.eclipse.core.databinding.observable.Realm.runWithDefault(Realm.java:336)
	at org.eclipse.ui.internal.Workbench.createAndRunWorkbench(Workbench.java:610)
	at org.eclipse.ui.PlatformUI.createAndRunWorkbench(PlatformUI.java:148)
	at org.eclipse.ui.internal.ide.application.IDEApplication.start(IDEApplication.java:138)
	at org.eclipse.equinox.internal.app.EclipseAppHandle.run(EclipseAppHandle.java:196)
	at org.eclipse.core.runtime.internal.adaptor.EclipseAppLauncher.runApplication(EclipseAppLauncher.java:134)
	at org.eclipse.core.runtime.internal.adaptor.EclipseAppLauncher.start(EclipseAppLauncher.java:104)
	at org.eclipse.core.runtime.adaptor.EclipseStarter.run(EclipseStarter.java:388)
	at org.eclipse.core.runtime.adaptor.EclipseStarter.run(EclipseStarter.java:243)
	at sun.reflect.NativeMethodAccessorImpl.invoke0(Native Method)
	at sun.reflect.NativeMethodAccessorImpl.invoke(Unknown Source)
	at sun.reflect.DelegatingMethodAccessorImpl.invoke(Unknown Source)
	at java.lang.reflect.Method.invoke(Unknown Source)
	at org.eclipse.equinox.launcher.Main.invokeFramework(Main.java:673)
	at org.eclipse.equinox.launcher.Main.basicRun(Main.java:610)
	at org.eclipse.equinox.launcher.Main.run(Main.java:1519)
